{"C:\\Users\\Lenovo\\OneDrive\\Desktop\\belajar-nodejs-unit-test-pzn\\src\\async.js": {"path":"C:\\Users\\Lenovo\\OneDrive\\Desktop\\belajar-nodejs-unit-test-pzn\\src\\async.js","statementMap":{"0":{"start":{"line":1,"column":29},"end":{"line":11,"column":1}},"1":{"start":{"line":2,"column":4},"end":{"line":10,"column":6}},"2":{"start":{"line":3,"column":8},"end":{"line":9,"column":16}},"3":{"start":{"line":4,"column":12},"end":{"line":8,"column":13}},"4":{"start":{"line":5,"column":16},"end":{"line":5,"column":40}},"5":{"start":{"line":7,"column":16},"end":{"line":7,"column":39}}},"fnMap":{"0":{"name":"(anonymous_0)","decl":{"start":{"line":1,"column":29},"end":{"line":1,"column":30}},"loc":{"start":{"line":1,"column":39},"end":{"line":11,"column":1}},"line":1},"1":{"name":"(anonymous_1)","decl":{"start":{"line":2,"column":24},"end":{"line":2,"column":25}},"loc":{"start":{"line":2,"column":45},"end":{"line":10,"column":5}},"line":2},"2":{"name":"(anonymous_2)","decl":{"start":{"line":3,"column":19},"end":{"line":3,"column":20}},"loc":{"start":{"line":3,"column":24},"end":{"line":9,"column":9}},"line":3}},"branchMap":{"0":{"loc":{"start":{"line":4,"column":12},"end":{"line":8,"column":13}},"type":"if","locations":[{"start":{"line":4,"column":12},"end":{"line":8,"column":13}},{"start":{"line":6,"column":17},"end":{"line":8,"column":13}}],"line":4}},"s":{"0":1,"1":0,"2":0,"3":0,"4":0,"5":0},"f":{"0":0,"1":0,"2":0},"b":{"0":[0,0]},"_coverageSchema":"1a1c01bbd47fc00a2c39e90264f33305004495a9","hash":"ea92a5fd6ba3c112a5cdb73a6f372f5d3bde1993"}
,"C:\\Users\\Lenovo\\OneDrive\\Desktop\\belajar-nodejs-unit-test-pzn\\src\\exception.js": {"path":"C:\\Users\\Lenovo\\OneDrive\\Desktop\\belajar-nodejs-unit-test-pzn\\src\\exception.js","statementMap":{"0":{"start":{"line":4,"column":22},"end":{"line":10,"column":1}},"1":{"start":{"line":5,"column":4},"end":{"line":9,"column":5}},"2":{"start":{"line":6,"column":8},"end":{"line":6,"column":56}},"3":{"start":{"line":8,"column":8},"end":{"line":8,"column":19}}},"fnMap":{"0":{"name":"(anonymous_0)","decl":{"start":{"line":4,"column":22},"end":{"line":4,"column":23}},"loc":{"start":{"line":4,"column":32},"end":{"line":10,"column":1}},"line":4}},"branchMap":{"0":{"loc":{"start":{"line":5,"column":4},"end":{"line":9,"column":5}},"type":"if","locations":[{"start":{"line":5,"column":4},"end":{"line":9,"column":5}},{"start":{"line":7,"column":11},"end":{"line":9,"column":5}}],"line":5}},"s":{"0":1,"1":0,"2":0,"3":0},"f":{"0":0},"b":{"0":[0,0]},"_coverageSchema":"1a1c01bbd47fc00a2c39e90264f33305004495a9","hash":"93d152adbb88b4b303b789f1cb7c979d7bc6437c"}
,"C:\\Users\\Lenovo\\OneDrive\\Desktop\\belajar-nodejs-unit-test-pzn\\src\\sum.js": {"path":"C:\\Users\\Lenovo\\OneDrive\\Desktop\\belajar-nodejs-unit-test-pzn\\src\\sum.js","statementMap":{"0":{"start":{"line":1,"column":19},"end":{"line":3,"column":1}},"1":{"start":{"line":2,"column":4},"end":{"line":2,"column":25}},"2":{"start":{"line":5,"column":22},"end":{"line":12,"column":1}},"3":{"start":{"line":6,"column":16},"end":{"line":6,"column":17}},"4":{"start":{"line":7,"column":4},"end":{"line":9,"column":5}},"5":{"start":{"line":8,"column":8},"end":{"line":8,"column":23}},"6":{"start":{"line":11,"column":4},"end":{"line":11,"column":16}}},"fnMap":{"0":{"name":"(anonymous_0)","decl":{"start":{"line":1,"column":19},"end":{"line":1,"column":20}},"loc":{"start":{"line":1,"column":38},"end":{"line":3,"column":1}},"line":1},"1":{"name":"(anonymous_1)","decl":{"start":{"line":5,"column":22},"end":{"line":5,"column":23}},"loc":{"start":{"line":5,"column":34},"end":{"line":12,"column":1}},"line":5}},"branchMap":{},"s":{"0":4,"1":0,"2":4,"3":3,"4":3,"5":15,"6":3},"f":{"0":0,"1":3},"b":{},"_coverageSchema":"1a1c01bbd47fc00a2c39e90264f33305004495a9","hash":"482ec5baa80e4476d6608ad9617116572e342c38"}
}
